android/app/build/intermediates/manifest_merge_blame_file/debug/manifest-merger-blame-debug-report.txt
1<?xml version="1.0" encoding="utf-8"?>
2<manifest xmlns:android="http://schemas.android.com/apk/res/android"
3    package="com.nhatrovn.vn"
4    android:versionCode="7"
5    android:versionName="1.1" >
6
7    <uses-sdk
8        android:minSdkVersion="21"
9        android:targetSdkVersion="33" />
10
11    <uses-permission android:name="android.permission.SYSTEM_ALERT_WINDOW" />
11-->src\debug\AndroidManifest.xml:5:5-77
11-->src\debug\AndroidManifest.xml:5:22-75
12    <uses-permission android:name="android.permission.POST_NOTIFICATIONS" />
12-->src\main\AndroidManifest.xml:3:5-76
12-->src\main\AndroidManifest.xml:3:22-74
13    <uses-permission android:name="android.permission.INTERNET" />
13-->src\main\AndroidManifest.xml:4:5-67
13-->src\main\AndroidManifest.xml:4:22-64
14    <uses-permission android:name="android.permission.READ_MEDIA_IMAGES" />
14-->src\main\AndroidManifest.xml:5:5-76
14-->src\main\AndroidManifest.xml:5:22-73
15    <uses-permission android:name="android.permission.READ_MEDIA_VIDEO" />
15-->src\main\AndroidManifest.xml:6:5-75
15-->src\main\AndroidManifest.xml:6:22-72
16    <uses-permission
16-->src\main\AndroidManifest.xml:7:5-107
17        android:name="android.permission.READ_EXTERNAL_STORAGE"
17-->src\main\AndroidManifest.xml:7:22-77
18        android:maxSdkVersion="32" />
18-->src\main\AndroidManifest.xml:7:78-104
19    <uses-permission android:name="android.permission.WRITE_EXTERNAL_STORAGE" />
19-->src\main\AndroidManifest.xml:8:5-81
19-->src\main\AndroidManifest.xml:8:22-78
20    <uses-permission android:name="android.permission.CAMERA" />
20-->src\main\AndroidManifest.xml:9:5-65
20-->src\main\AndroidManifest.xml:9:22-62
21    <uses-permission android:name="android.permission.ACCESS_COARSE_LOCATION" />
21-->src\main\AndroidManifest.xml:10:5-81
21-->src\main\AndroidManifest.xml:10:22-78
22    <uses-permission android:name="android.permission.ACCESS_FINE_LOCATION" />
22-->src\main\AndroidManifest.xml:11:5-79
22-->src\main\AndroidManifest.xml:11:22-76
23    <uses-permission android:name="android.permission.ACCESS_WIFI_STATE" />
23-->[com.facebook.flipper:flipper:0.182.0] AndroidManifest.xml:16:5-76
23-->[com.facebook.flipper:flipper:0.182.0] AndroidManifest.xml:16:22-73
24    <uses-permission android:name="android.permission.WAKE_LOCK" />
24-->[:react-native-firebase_messaging] AndroidManifest.xml:8:5-68
24-->[:react-native-firebase_messaging] AndroidManifest.xml:8:22-65
25    <uses-permission android:name="android.permission.ACCESS_NETWORK_STATE" /> <!-- Required by older versions of Google Play services to create IID tokens -->
25-->[:react-native-firebase_messaging] AndroidManifest.xml:9:5-79
25-->[:react-native-firebase_messaging] AndroidManifest.xml:9:22-76
26    <uses-permission android:name="com.google.android.c2dm.permission.RECEIVE" />
26-->[com.google.firebase:firebase-messaging:23.3.1] AndroidManifest.xml:26:5-82
26-->[com.google.firebase:firebase-messaging:23.3.1] AndroidManifest.xml:26:22-79
27    <uses-permission android:name="android.permission.RECEIVE_BOOT_COMPLETED" />
27-->[androidx.work:work-runtime:2.7.1] AndroidManifest.xml:27:5-81
27-->[androidx.work:work-runtime:2.7.1] AndroidManifest.xml:27:22-78
28    <uses-permission android:name="android.permission.FOREGROUND_SERVICE" />
28-->[androidx.work:work-runtime:2.7.1] AndroidManifest.xml:28:5-77
28-->[androidx.work:work-runtime:2.7.1] AndroidManifest.xml:28:22-74
29
30    <uses-feature
30-->[com.google.android.gms:play-services-maps:18.2.0] AndroidManifest.xml:26:5-28:35
31        android:glEsVersion="0x00020000"
31-->[com.google.android.gms:play-services-maps:18.2.0] AndroidManifest.xml:27:9-41
32        android:required="true" />
32-->[com.google.android.gms:play-services-maps:18.2.0] AndroidManifest.xml:28:9-32
33
34    <queries>
34-->[com.google.android.gms:play-services-maps:18.2.0] AndroidManifest.xml:30:5-34:15
35
36        <!-- Needs to be explicitly declared on Android R+ -->
37        <package android:name="com.google.android.apps.maps" />
37-->[com.google.android.gms:play-services-maps:18.2.0] AndroidManifest.xml:33:9-64
37-->[com.google.android.gms:play-services-maps:18.2.0] AndroidManifest.xml:33:18-61
38    </queries>
39
40    <uses-permission android:name="com.google.android.finsky.permission.BIND_GET_INSTALL_REFERRER_SERVICE" /> <!-- for android -->
40-->[com.android.installreferrer:installreferrer:1.1.2] AndroidManifest.xml:9:5-110
40-->[com.android.installreferrer:installreferrer:1.1.2] AndroidManifest.xml:9:22-107
41    <!-- <uses-permission android:name="com.android.launcher.permission.READ_SETTINGS"/> -->
42    <!-- <uses-permission android:name="com.android.launcher.permission.WRITE_SETTINGS"/> -->
43    <!-- <uses-permission android:name="com.android.launcher.permission.INSTALL_SHORTCUT" /> -->
44    <!-- <uses-permission android:name="com.android.launcher.permission.UNINSTALL_SHORTCUT" /> -->
45    <!-- for Samsung -->
46    <uses-permission android:name="com.sec.android.provider.badge.permission.READ" />
46-->[me.leolin:ShortcutBadger:1.1.22] AndroidManifest.xml:19:5-86
46-->[me.leolin:ShortcutBadger:1.1.22] AndroidManifest.xml:19:22-83
47    <uses-permission android:name="com.sec.android.provider.badge.permission.WRITE" /> <!-- for htc -->
47-->[me.leolin:ShortcutBadger:1.1.22] AndroidManifest.xml:20:5-87
47-->[me.leolin:ShortcutBadger:1.1.22] AndroidManifest.xml:20:22-84
48    <uses-permission android:name="com.htc.launcher.permission.READ_SETTINGS" />
48-->[me.leolin:ShortcutBadger:1.1.22] AndroidManifest.xml:23:5-81
48-->[me.leolin:ShortcutBadger:1.1.22] AndroidManifest.xml:23:22-78
49    <uses-permission android:name="com.htc.launcher.permission.UPDATE_SHORTCUT" /> <!-- for sony -->
49-->[me.leolin:ShortcutBadger:1.1.22] AndroidManifest.xml:24:5-83
49-->[me.leolin:ShortcutBadger:1.1.22] AndroidManifest.xml:24:22-80
50    <uses-permission android:name="com.sonyericsson.home.permission.BROADCAST_BADGE" />
50-->[me.leolin:ShortcutBadger:1.1.22] AndroidManifest.xml:27:5-88
50-->[me.leolin:ShortcutBadger:1.1.22] AndroidManifest.xml:27:22-85
51    <uses-permission android:name="com.sonymobile.home.permission.PROVIDER_INSERT_BADGE" /> <!-- for apex -->
51-->[me.leolin:ShortcutBadger:1.1.22] AndroidManifest.xml:28:5-92
51-->[me.leolin:ShortcutBadger:1.1.22] AndroidManifest.xml:28:22-89
52    <uses-permission android:name="com.anddoes.launcher.permission.UPDATE_COUNT" /> <!-- for solid -->
52-->[me.leolin:ShortcutBadger:1.1.22] AndroidManifest.xml:31:5-84
52-->[me.leolin:ShortcutBadger:1.1.22] AndroidManifest.xml:31:22-81
53    <uses-permission android:name="com.majeur.launcher.permission.UPDATE_BADGE" /> <!-- for huawei -->
53-->[me.leolin:ShortcutBadger:1.1.22] AndroidManifest.xml:34:5-83
53-->[me.leolin:ShortcutBadger:1.1.22] AndroidManifest.xml:34:22-80
54    <uses-permission android:name="com.huawei.android.launcher.permission.CHANGE_BADGE" />
54-->[me.leolin:ShortcutBadger:1.1.22] AndroidManifest.xml:37:5-91
54-->[me.leolin:ShortcutBadger:1.1.22] AndroidManifest.xml:37:22-88
55    <uses-permission android:name="com.huawei.android.launcher.permission.READ_SETTINGS" />
55-->[me.leolin:ShortcutBadger:1.1.22] AndroidManifest.xml:38:5-92
55-->[me.leolin:ShortcutBadger:1.1.22] AndroidManifest.xml:38:22-89
56    <uses-permission android:name="com.huawei.android.launcher.permission.WRITE_SETTINGS" /> <!-- for ZUK -->
56-->[me.leolin:ShortcutBadger:1.1.22] AndroidManifest.xml:39:5-93
56-->[me.leolin:ShortcutBadger:1.1.22] AndroidManifest.xml:39:22-90
57    <uses-permission android:name="android.permission.READ_APP_BADGE" /> <!-- for OPPO -->
57-->[me.leolin:ShortcutBadger:1.1.22] AndroidManifest.xml:42:5-73
57-->[me.leolin:ShortcutBadger:1.1.22] AndroidManifest.xml:42:22-70
58    <uses-permission android:name="com.oppo.launcher.permission.READ_SETTINGS" />
58-->[me.leolin:ShortcutBadger:1.1.22] AndroidManifest.xml:45:5-82
58-->[me.leolin:ShortcutBadger:1.1.22] AndroidManifest.xml:45:22-79
59    <uses-permission android:name="com.oppo.launcher.permission.WRITE_SETTINGS" /> <!-- for EvMe -->
59-->[me.leolin:ShortcutBadger:1.1.22] AndroidManifest.xml:46:5-83
59-->[me.leolin:ShortcutBadger:1.1.22] AndroidManifest.xml:46:22-80
60    <uses-permission android:name="me.everything.badger.permission.BADGE_COUNT_READ" />
60-->[me.leolin:ShortcutBadger:1.1.22] AndroidManifest.xml:49:5-88
60-->[me.leolin:ShortcutBadger:1.1.22] AndroidManifest.xml:49:22-85
61    <uses-permission android:name="me.everything.badger.permission.BADGE_COUNT_WRITE" />
61-->[me.leolin:ShortcutBadger:1.1.22] AndroidManifest.xml:50:5-89
61-->[me.leolin:ShortcutBadger:1.1.22] AndroidManifest.xml:50:22-86
62
63    <application
63-->src\main\AndroidManifest.xml:54:5-101:19
64        android:name="com.nhatrovn.vn.MainApplication"
64-->src\main\AndroidManifest.xml:55:7-38
65        android:allowBackup="false"
65-->src\main\AndroidManifest.xml:59:7-34
66        android:appComponentFactory="androidx.core.app.CoreComponentFactory"
66-->[androidx.core:core:1.7.0] AndroidManifest.xml:24:18-86
67        android:debuggable="true"
68        android:icon="@mipmap/ic_launcher"
68-->src\main\AndroidManifest.xml:57:7-41
69        android:label="@string/app_name"
69-->src\main\AndroidManifest.xml:56:7-39
70        android:roundIcon="@mipmap/ic_launcher_round"
70-->src\main\AndroidManifest.xml:58:7-52
71        android:theme="@style/AppTheme"
71-->src\main\AndroidManifest.xml:60:7-38
72        android:usesCleartextTraffic="true" >
72-->src\debug\AndroidManifest.xml:8:9-44
73        <activity
73-->src\debug\AndroidManifest.xml:11:9-111
74            android:name="com.facebook.react.devsupport.DevSettingsActivity"
74-->src\debug\AndroidManifest.xml:11:19-83
75            android:exported="false" />
75-->src\debug\AndroidManifest.xml:11:84-108
76        <activity
76-->src\main\AndroidManifest.xml:61:7-82:18
77            android:name="com.nhatrovn.vn.MainActivity"
77-->src\main\AndroidManifest.xml:62:9-37
78            android:configChanges="keyboard|keyboardHidden|orientation|screenLayout|screenSize|smallestScreenSize|uiMode"
78-->src\main\AndroidManifest.xml:64:9-118
79            android:exported="true"
79-->src\main\AndroidManifest.xml:67:9-32
80            android:label="@string/app_name"
80-->src\main\AndroidManifest.xml:63:9-41
81            android:launchMode="singleTask"
81-->src\main\AndroidManifest.xml:65:9-40
82            android:windowSoftInputMode="adjustResize" >
82-->src\main\AndroidManifest.xml:66:9-51
83            <intent-filter>
83-->src\main\AndroidManifest.xml:68:9-71:25
84                <action android:name="android.intent.action.MAIN" />
84-->src\main\AndroidManifest.xml:69:13-65
84-->src\main\AndroidManifest.xml:69:21-62
85
86                <category android:name="android.intent.category.LAUNCHER" />
86-->src\main\AndroidManifest.xml:70:13-73
86-->src\main\AndroidManifest.xml:70:23-70
87            </intent-filter>
88            <intent-filter>
88-->src\main\AndroidManifest.xml:73:9-80:25
89                <action android:name="android.intent.action.VIEW" />
89-->src\main\AndroidManifest.xml:74:11-63
89-->src\main\AndroidManifest.xml:74:19-60
90
91                <category android:name="android.intent.category.DEFAULT" />
91-->src\main\AndroidManifest.xml:75:11-70
91-->src\main\AndroidManifest.xml:75:21-67
92                <category android:name="android.intent.category.BROWSABLE" />
92-->src\main\AndroidManifest.xml:76:11-72
92-->src\main\AndroidManifest.xml:76:21-69
93
94                <data
94-->src\main\AndroidManifest.xml:77:11-79:41
95                    android:host="app"
95-->src\main\AndroidManifest.xml:78:13-31
96                    android:scheme="nhatrovn" />
96-->src\main\AndroidManifest.xml:79:13-38
97            </intent-filter>
98        </activity>
99
100        <meta-data
100-->src\main\AndroidManifest.xml:83:7-85:66
101            android:name="com.google.android.geo.API_KEY"
101-->src\main\AndroidManifest.xml:84:9-54
102            android:value="AIzaSyBp8rBIP8d9SX8V3m-V1ywCqvbOLqV-pq4" />
102-->src\main\AndroidManifest.xml:85:9-64
103        <meta-data
103-->src\main\AndroidManifest.xml:86:6-88:56
104            android:name="com.google.firebase.messaging.default_notification_icon"
104-->src\main\AndroidManifest.xml:87:9-79
105            android:resource="@drawable/ic_notification" />
105-->src\main\AndroidManifest.xml:88:9-53
106        <meta-data
106-->src\main\AndroidManifest.xml:89:7-93:9
107            android:name="com.google.firebase.messaging.default_notification_color"
107-->src\main\AndroidManifest.xml:90:9-80
108            android:resource="@color/primary" /> <!-- ReactNativeFirebaseMessagingHeadlessTask -->
108-->src\main\AndroidManifest.xml:91:9-42
109        <service
109-->src\main\AndroidManifest.xml:95:5-99:15
110            android:name="com.nhatrovn.vn.HeadlessTaskService"
110-->src\main\AndroidManifest.xml:95:14-49
111            android:exported="false" >
111-->src\main\AndroidManifest.xml:95:50-74
112            <intent-filter>
112-->src\main\AndroidManifest.xml:96:9-98:25
113                <action android:name="com.google.firebase.MESSAGING_EVENT" />
113-->src\main\AndroidManifest.xml:97:13-73
113-->src\main\AndroidManifest.xml:97:21-71
114            </intent-filter>
115        </service>
116        <service
116-->[:react-native-firebase_messaging] AndroidManifest.xml:12:9-14:40
117            android:name="io.invertase.firebase.messaging.ReactNativeFirebaseMessagingHeadlessService"
117-->[:react-native-firebase_messaging] AndroidManifest.xml:13:13-103
118            android:exported="false" />
118-->[:react-native-firebase_messaging] AndroidManifest.xml:14:13-37
119        <service
119-->[:react-native-firebase_messaging] AndroidManifest.xml:15:9-21:19
120            android:name="io.invertase.firebase.messaging.ReactNativeFirebaseMessagingService"
120-->[:react-native-firebase_messaging] AndroidManifest.xml:16:13-95
121            android:exported="false" >
121-->[:react-native-firebase_messaging] AndroidManifest.xml:17:13-37
122            <intent-filter>
122-->src\main\AndroidManifest.xml:96:9-98:25
123                <action android:name="com.google.firebase.MESSAGING_EVENT" />
123-->src\main\AndroidManifest.xml:97:13-73
123-->src\main\AndroidManifest.xml:97:21-71
124            </intent-filter>
125        </service>
126
127        <receiver
127-->[:react-native-firebase_messaging] AndroidManifest.xml:23:9-30:20
128            android:name="io.invertase.firebase.messaging.ReactNativeFirebaseMessagingReceiver"
128-->[:react-native-firebase_messaging] AndroidManifest.xml:24:13-96
129            android:exported="true"
129-->[:react-native-firebase_messaging] AndroidManifest.xml:25:13-36
130            android:permission="com.google.android.c2dm.permission.SEND" >
130-->[:react-native-firebase_messaging] AndroidManifest.xml:26:13-73
131            <intent-filter>
131-->[:react-native-firebase_messaging] AndroidManifest.xml:27:13-29:29
132                <action android:name="com.google.android.c2dm.intent.RECEIVE" />
132-->[:react-native-firebase_messaging] AndroidManifest.xml:28:17-81
132-->[:react-native-firebase_messaging] AndroidManifest.xml:28:25-78
133            </intent-filter>
134        </receiver>
135
136        <meta-data
136-->[:react-native-firebase_messaging] AndroidManifest.xml:32:9-34:36
137            android:name="firebase_messaging_auto_init_enabled"
137-->[:react-native-firebase_messaging] AndroidManifest.xml:33:13-64
138            android:value="true" />
138-->[:react-native-firebase_messaging] AndroidManifest.xml:34:13-33
139        <meta-data
139-->[:react-native-firebase_messaging] AndroidManifest.xml:35:9-37:32
140            android:name="com.google.firebase.messaging.default_notification_channel_id"
140-->[:react-native-firebase_messaging] AndroidManifest.xml:36:13-89
141            android:value="" />
141-->[:react-native-firebase_messaging] AndroidManifest.xml:37:13-29
142        <meta-data
142-->[:react-native-firebase_app] AndroidManifest.xml:9:9-11:36
143            android:name="app_data_collection_default_enabled"
143-->[:react-native-firebase_app] AndroidManifest.xml:10:13-63
144            android:value="true" />
144-->[:react-native-firebase_app] AndroidManifest.xml:11:13-33
145
146        <service
146-->[:react-native-firebase_app] AndroidManifest.xml:13:9-21:19
147            android:name="com.google.firebase.components.ComponentDiscoveryService"
147-->[:react-native-firebase_app] AndroidManifest.xml:14:13-84
148            android:directBootAware="true"
148-->[:react-native-firebase_app] AndroidManifest.xml:15:13-43
149            android:exported="false" >
149-->[:react-native-firebase_app] AndroidManifest.xml:16:13-37
150            <meta-data
150-->[:react-native-firebase_app] AndroidManifest.xml:18:13-20:85
151                android:name="com.google.firebase.components:io.invertase.firebase.app.ReactNativeFirebaseAppRegistrar"
151-->[:react-native-firebase_app] AndroidManifest.xml:19:17-120
152                android:value="com.google.firebase.components.ComponentRegistrar" />
152-->[:react-native-firebase_app] AndroidManifest.xml:20:17-82
153            <meta-data
153-->[com.google.firebase:firebase-messaging:23.3.1] AndroidManifest.xml:57:13-59:85
154                android:name="com.google.firebase.components:com.google.firebase.messaging.FirebaseMessagingKtxRegistrar"
154-->[com.google.firebase:firebase-messaging:23.3.1] AndroidManifest.xml:58:17-122
155                android:value="com.google.firebase.components.ComponentRegistrar" />
155-->[com.google.firebase:firebase-messaging:23.3.1] AndroidManifest.xml:59:17-82
156            <meta-data
156-->[com.google.firebase:firebase-messaging:23.3.1] AndroidManifest.xml:60:13-62:85
157                android:name="com.google.firebase.components:com.google.firebase.messaging.FirebaseMessagingRegistrar"
157-->[com.google.firebase:firebase-messaging:23.3.1] AndroidManifest.xml:61:17-119
158                android:value="com.google.firebase.components.ComponentRegistrar" />
158-->[com.google.firebase:firebase-messaging:23.3.1] AndroidManifest.xml:62:17-82
159            <meta-data
159-->[com.google.firebase:firebase-installations:17.2.0] AndroidManifest.xml:15:13-17:85
160                android:name="com.google.firebase.components:com.google.firebase.installations.FirebaseInstallationsKtxRegistrar"
160-->[com.google.firebase:firebase-installations:17.2.0] AndroidManifest.xml:16:17-130
161                android:value="com.google.firebase.components.ComponentRegistrar" />
161-->[com.google.firebase:firebase-installations:17.2.0] AndroidManifest.xml:17:17-82
162            <meta-data
162-->[com.google.firebase:firebase-installations:17.2.0] AndroidManifest.xml:18:13-20:85
163                android:name="com.google.firebase.components:com.google.firebase.installations.FirebaseInstallationsRegistrar"
163-->[com.google.firebase:firebase-installations:17.2.0] AndroidManifest.xml:19:17-127
164                android:value="com.google.firebase.components.ComponentRegistrar" />
164-->[com.google.firebase:firebase-installations:17.2.0] AndroidManifest.xml:20:17-82
165            <meta-data
165-->[com.google.firebase:firebase-common-ktx:20.4.2] AndroidManifest.xml:12:13-14:85
166                android:name="com.google.firebase.components:com.google.firebase.ktx.FirebaseCommonLegacyRegistrar"
166-->[com.google.firebase:firebase-common-ktx:20.4.2] AndroidManifest.xml:13:17-116
167                android:value="com.google.firebase.components.ComponentRegistrar" />
167-->[com.google.firebase:firebase-common-ktx:20.4.2] AndroidManifest.xml:14:17-82
168            <meta-data
168-->[com.google.firebase:firebase-common:20.4.2] AndroidManifest.xml:35:13-37:85
169                android:name="com.google.firebase.components:com.google.firebase.FirebaseCommonKtxRegistrar"
169-->[com.google.firebase:firebase-common:20.4.2] AndroidManifest.xml:36:17-109
170                android:value="com.google.firebase.components.ComponentRegistrar" />
170-->[com.google.firebase:firebase-common:20.4.2] AndroidManifest.xml:37:17-82
171            <meta-data
171-->[com.google.firebase:firebase-datatransport:18.1.7] AndroidManifest.xml:27:13-29:85
172                android:name="com.google.firebase.components:com.google.firebase.datatransport.TransportRegistrar"
172-->[com.google.firebase:firebase-datatransport:18.1.7] AndroidManifest.xml:28:17-115
173                android:value="com.google.firebase.components.ComponentRegistrar" />
173-->[com.google.firebase:firebase-datatransport:18.1.7] AndroidManifest.xml:29:17-82
174        </service>
175
176        <provider
176-->[:react-native-firebase_app] AndroidManifest.xml:23:9-27:38
177            android:name="io.invertase.firebase.app.ReactNativeFirebaseAppInitProvider"
177-->[:react-native-firebase_app] AndroidManifest.xml:24:13-88
178            android:authorities="com.nhatrovn.vn.reactnativefirebaseappinitprovider"
178-->[:react-native-firebase_app] AndroidManifest.xml:25:13-86
179            android:exported="false"
179-->[:react-native-firebase_app] AndroidManifest.xml:26:13-37
180            android:initOrder="99" />
180-->[:react-native-firebase_app] AndroidManifest.xml:27:13-35
181        <provider
181-->[:react-native-image-picker] AndroidManifest.xml:8:9-16:20
182            android:name="com.imagepicker.ImagePickerProvider"
182-->[:react-native-image-picker] AndroidManifest.xml:9:13-63
183            android:authorities="com.nhatrovn.vn.imagepickerprovider"
183-->[:react-native-image-picker] AndroidManifest.xml:10:13-71
184            android:exported="false"
184-->[:react-native-image-picker] AndroidManifest.xml:11:13-37
185            android:grantUriPermissions="true" >
185-->[:react-native-image-picker] AndroidManifest.xml:12:13-47
186            <meta-data
186-->[:react-native-image-picker] AndroidManifest.xml:13:13-15:70
187                android:name="android.support.FILE_PROVIDER_PATHS"
187-->[:react-native-image-picker] AndroidManifest.xml:14:17-67
188                android:resource="@xml/imagepicker_provider_paths" />
188-->[:react-native-image-picker] AndroidManifest.xml:15:17-67
189        </provider>
190        <provider
190-->[:react-native-webview] AndroidManifest.xml:8:9-16:20
191            android:name="com.reactnativecommunity.webview.RNCWebViewFileProvider"
191-->[:react-native-webview] AndroidManifest.xml:9:13-83
192            android:authorities="com.nhatrovn.vn.fileprovider"
192-->[:react-native-webview] AndroidManifest.xml:10:13-64
193            android:exported="false"
193-->[:react-native-webview] AndroidManifest.xml:11:13-37
194            android:grantUriPermissions="true" >
194-->[:react-native-webview] AndroidManifest.xml:12:13-47
195            <meta-data
195-->[:react-native-image-picker] AndroidManifest.xml:13:13-15:70
196                android:name="android.support.FILE_PROVIDER_PATHS"
196-->[:react-native-image-picker] AndroidManifest.xml:14:17-67
197                android:resource="@xml/file_provider_paths" />
197-->[:react-native-image-picker] AndroidManifest.xml:15:17-67
198        </provider>
199
200        <meta-data
200-->[com.github.bumptech.glide:okhttp3-integration:4.12.0] AndroidManifest.xml:11:9-13:43
201            android:name="com.bumptech.glide.integration.okhttp3.OkHttpGlideModule"
201-->[com.github.bumptech.glide:okhttp3-integration:4.12.0] AndroidManifest.xml:12:13-84
202            android:value="GlideModule" />
202-->[com.github.bumptech.glide:okhttp3-integration:4.12.0] AndroidManifest.xml:13:13-40
203
204        <receiver
204-->[com.google.firebase:firebase-messaging:23.3.1] AndroidManifest.xml:29:9-40:20
205            android:name="com.google.firebase.iid.FirebaseInstanceIdReceiver"
205-->[com.google.firebase:firebase-messaging:23.3.1] AndroidManifest.xml:30:13-78
206            android:exported="true"
206-->[com.google.firebase:firebase-messaging:23.3.1] AndroidManifest.xml:31:13-36
207            android:permission="com.google.android.c2dm.permission.SEND" >
207-->[com.google.firebase:firebase-messaging:23.3.1] AndroidManifest.xml:32:13-73
208            <intent-filter>
208-->[:react-native-firebase_messaging] AndroidManifest.xml:27:13-29:29
209                <action android:name="com.google.android.c2dm.intent.RECEIVE" />
209-->[:react-native-firebase_messaging] AndroidManifest.xml:28:17-81
209-->[:react-native-firebase_messaging] AndroidManifest.xml:28:25-78
210            </intent-filter>
211
212            <meta-data
212-->[com.google.firebase:firebase-messaging:23.3.1] AndroidManifest.xml:37:13-39:40
213                android:name="com.google.android.gms.cloudmessaging.FINISHED_AFTER_HANDLED"
213-->[com.google.firebase:firebase-messaging:23.3.1] AndroidManifest.xml:38:17-92
214                android:value="true" />
214-->[com.google.firebase:firebase-messaging:23.3.1] AndroidManifest.xml:39:17-37
215        </receiver>
216        <!--
217             FirebaseMessagingService performs security checks at runtime,
218             but set to not exported to explicitly avoid allowing another app to call it.
219        -->
220        <service
220-->[com.google.firebase:firebase-messaging:23.3.1] AndroidManifest.xml:46:9-53:19
221            android:name="com.google.firebase.messaging.FirebaseMessagingService"
221-->[com.google.firebase:firebase-messaging:23.3.1] AndroidManifest.xml:47:13-82
222            android:directBootAware="true"
222-->[com.google.firebase:firebase-messaging:23.3.1] AndroidManifest.xml:48:13-43
223            android:exported="false" >
223-->[com.google.firebase:firebase-messaging:23.3.1] AndroidManifest.xml:49:13-37
224            <intent-filter android:priority="-500" >
224-->src\main\AndroidManifest.xml:96:9-98:25
225                <action android:name="com.google.firebase.MESSAGING_EVENT" />
225-->src\main\AndroidManifest.xml:97:13-73
225-->src\main\AndroidManifest.xml:97:21-71
226            </intent-filter>
227        </service>
228
229        <provider
229-->[com.google.firebase:firebase-common:20.4.2] AndroidManifest.xml:23:9-28:39
230            android:name="com.google.firebase.provider.FirebaseInitProvider"
230-->[com.google.firebase:firebase-common:20.4.2] AndroidManifest.xml:24:13-77
231            android:authorities="com.nhatrovn.vn.firebaseinitprovider"
231-->[com.google.firebase:firebase-common:20.4.2] AndroidManifest.xml:25:13-72
232            android:directBootAware="true"
232-->[com.google.firebase:firebase-common:20.4.2] AndroidManifest.xml:26:13-43
233            android:exported="false"
233-->[com.google.firebase:firebase-common:20.4.2] AndroidManifest.xml:27:13-37
234            android:initOrder="100" />
234-->[com.google.firebase:firebase-common:20.4.2] AndroidManifest.xml:28:13-36
235        <provider
235-->[androidx.work:work-runtime:2.7.1] AndroidManifest.xml:31:9-39:20
236            android:name="androidx.startup.InitializationProvider"
236-->[androidx.work:work-runtime:2.7.1] AndroidManifest.xml:32:13-67
237            android:authorities="com.nhatrovn.vn.androidx-startup"
237-->[androidx.work:work-runtime:2.7.1] AndroidManifest.xml:33:13-68
238            android:exported="false" >
238-->[androidx.work:work-runtime:2.7.1] AndroidManifest.xml:34:13-37
239            <meta-data
239-->[androidx.work:work-runtime:2.7.1] AndroidManifest.xml:36:13-38:52
240                android:name="androidx.work.WorkManagerInitializer"
240-->[androidx.work:work-runtime:2.7.1] AndroidManifest.xml:37:17-68
241                android:value="androidx.startup" />
241-->[androidx.work:work-runtime:2.7.1] AndroidManifest.xml:38:17-49
242            <meta-data
242-->[androidx.emoji2:emoji2:1.0.0] AndroidManifest.xml:31:13-33:52
243                android:name="androidx.emoji2.text.EmojiCompatInitializer"
243-->[androidx.emoji2:emoji2:1.0.0] AndroidManifest.xml:32:17-75
244                android:value="androidx.startup" />
244-->[androidx.emoji2:emoji2:1.0.0] AndroidManifest.xml:33:17-49
245            <meta-data
245-->[androidx.lifecycle:lifecycle-process:2.4.0] AndroidManifest.xml:31:13-33:52
246                android:name="androidx.lifecycle.ProcessLifecycleInitializer"
246-->[androidx.lifecycle:lifecycle-process:2.4.0] AndroidManifest.xml:32:17-78
247                android:value="androidx.startup" />
247-->[androidx.lifecycle:lifecycle-process:2.4.0] AndroidManifest.xml:33:17-49
248        </provider>
249
250        <service
250-->[androidx.work:work-runtime:2.7.1] AndroidManifest.xml:41:9-46:35
251            android:name="androidx.work.impl.background.systemalarm.SystemAlarmService"
251-->[androidx.work:work-runtime:2.7.1] AndroidManifest.xml:42:13-88
252            android:directBootAware="false"
252-->[androidx.work:work-runtime:2.7.1] AndroidManifest.xml:43:13-44
253            android:enabled="@bool/enable_system_alarm_service_default"
253-->[androidx.work:work-runtime:2.7.1] AndroidManifest.xml:44:13-72
254            android:exported="false" />
254-->[androidx.work:work-runtime:2.7.1] AndroidManifest.xml:45:13-37
255        <service
255-->[androidx.work:work-runtime:2.7.1] AndroidManifest.xml:47:9-53:35
256            android:name="androidx.work.impl.background.systemjob.SystemJobService"
256-->[androidx.work:work-runtime:2.7.1] AndroidManifest.xml:48:13-84
257            android:directBootAware="false"
257-->[androidx.work:work-runtime:2.7.1] AndroidManifest.xml:49:13-44
258            android:enabled="@bool/enable_system_job_service_default"
258-->[androidx.work:work-runtime:2.7.1] AndroidManifest.xml:50:13-70
259            android:exported="true"
259-->[androidx.work:work-runtime:2.7.1] AndroidManifest.xml:51:13-36
260            android:permission="android.permission.BIND_JOB_SERVICE" />
260-->[androidx.work:work-runtime:2.7.1] AndroidManifest.xml:52:13-69
261        <service
261-->[androidx.work:work-runtime:2.7.1] AndroidManifest.xml:54:9-59:35
262            android:name="androidx.work.impl.foreground.SystemForegroundService"